[[1;34mINFO[m] Scanning for projects...
[[1;34mINFO[m] [1m------------------------------------------------------------------------[m
[[1;34mINFO[m] [1mReactor Build Order:[m
[[1;34mINFO[m] 
[[1;34mINFO[m] konsulta-project                                                   [pom]
[[1;34mINFO[m] konsultacommon                                                     [jar]
[[1;34mINFO[m] konsultaconn                                                       [jar]
[[1;34mINFO[m] konsultasql                                                        [jar]
[[1;34mINFO[m] konsultatest                                                       [jar]
[[1;34mINFO[m] konsultadeskapp                                                    [jar]
[[1;34mINFO[m] 
[[1;34mINFO[m] [1m----------------< [0;36mcom.davcet.konsulta:konsulta-project[0;1m >----------------[m
[[1;34mINFO[m] [1mBuilding konsulta-project 0.0.1-SNAPSHOT                           [1/6][m
[[1;34mINFO[m] [1m--------------------------------[ pom ]---------------------------------[m
[[1;34mINFO[m] 
[[1;34mINFO[m] [1m--- [0;32mmaven-clean-plugin:2.5:clean[m [1m(default-clean)[m @ [36mkonsulta-project[0;1m ---[m
[[1;34mINFO[m] 
[[1;34mINFO[m] [1m-----------------< [0;36mcom.davcet.konsulta:konsultacommon[0;1m >-----------------[m
[[1;34mINFO[m] [1mBuilding konsultacommon 0.0.1-SNAPSHOT                             [2/6][m
[[1;34mINFO[m] [1m--------------------------------[ jar ]---------------------------------[m
[[1;34mINFO[m] 
[[1;34mINFO[m] [1m--- [0;32mmaven-clean-plugin:2.5:clean[m [1m(default-clean)[m @ [36mkonsultacommon[0;1m ---[m
[[1;34mINFO[m] Deleting /home/davideceto/Projects/konsulta/konsulta/konsultacommon/target
[[1;34mINFO[m] 
[[1;34mINFO[m] [1m--- [0;32mmaven-resources-plugin:2.6:resources[m [1m(default-resources)[m @ [36mkonsultacommon[0;1m ---[m
[[1;34mINFO[m] Using 'UTF-8' encoding to copy filtered resources.
[[1;34mINFO[m] skip non existing resourceDirectory /home/davideceto/Projects/konsulta/konsulta/konsultacommon/src/main/resources
[[1;34mINFO[m] 
[[1;34mINFO[m] [1m--- [0;32mmaven-compiler-plugin:3.1:compile[m [1m(default-compile)[m @ [36mkonsultacommon[0;1m ---[m
[[1;34mINFO[m] Changes detected - recompiling the module!
[[1;34mINFO[m] Compiling 2 source files to /home/davideceto/Projects/konsulta/konsulta/konsultacommon/target/classes
[[1;34mINFO[m] 
[[1;34mINFO[m] [1m--- [0;32mmaven-resources-plugin:2.6:testResources[m [1m(default-testResources)[m @ [36mkonsultacommon[0;1m ---[m
[[1;34mINFO[m] Using 'UTF-8' encoding to copy filtered resources.
[[1;34mINFO[m] skip non existing resourceDirectory /home/davideceto/Projects/konsulta/konsulta/konsultacommon/src/test/resources
[[1;34mINFO[m] 
[[1;34mINFO[m] [1m--- [0;32mmaven-compiler-plugin:3.1:testCompile[m [1m(default-testCompile)[m @ [36mkonsultacommon[0;1m ---[m
[[1;34mINFO[m] No sources to compile
[[1;34mINFO[m] 
[[1;34mINFO[m] [1m--- [0;32mmaven-surefire-plugin:2.12.4:test[m [1m(default-test)[m @ [36mkonsultacommon[0;1m ---[m
[[1;34mINFO[m] No tests to run.
[[1;34mINFO[m] 
[[1;34mINFO[m] [1m--- [0;32mmaven-jar-plugin:2.4:jar[m [1m(default-jar)[m @ [36mkonsultacommon[0;1m ---[m
[[1;34mINFO[m] Building jar: /home/davideceto/Projects/konsulta/konsulta/konsultacommon/target/konsultacommon-0.0.1-SNAPSHOT.jar
[[1;34mINFO[m] 
[[1;34mINFO[m] [1m------------------< [0;36mcom.davcet.konsulta:konsultaconn[0;1m >------------------[m
[[1;34mINFO[m] [1mBuilding konsultaconn 0.0.1-SNAPSHOT                               [3/6][m
[[1;34mINFO[m] [1m--------------------------------[ jar ]---------------------------------[m
[[1;34mINFO[m] 
[[1;34mINFO[m] [1m--- [0;32mmaven-clean-plugin:2.5:clean[m [1m(default-clean)[m @ [36mkonsultaconn[0;1m ---[m
[[1;34mINFO[m] Deleting /home/davideceto/Projects/konsulta/konsulta/konsultaconn/target
[[1;34mINFO[m] 
[[1;34mINFO[m] [1m--- [0;32mmaven-resources-plugin:2.6:resources[m [1m(default-resources)[m @ [36mkonsultaconn[0;1m ---[m
[[1;34mINFO[m] Using 'UTF-8' encoding to copy filtered resources.
[[1;34mINFO[m] skip non existing resourceDirectory /home/davideceto/Projects/konsulta/konsulta/konsultaconn/src/main/resources
[[1;34mINFO[m] 
[[1;34mINFO[m] [1m--- [0;32mmaven-compiler-plugin:3.1:compile[m [1m(default-compile)[m @ [36mkonsultaconn[0;1m ---[m
[[1;34mINFO[m] Changes detected - recompiling the module!
[[1;34mINFO[m] Compiling 1 source file to /home/davideceto/Projects/konsulta/konsulta/konsultaconn/target/classes
[[1;34mINFO[m] 
[[1;34mINFO[m] [1m--- [0;32mmaven-resources-plugin:2.6:testResources[m [1m(default-testResources)[m @ [36mkonsultaconn[0;1m ---[m
[[1;34mINFO[m] Using 'UTF-8' encoding to copy filtered resources.
[[1;34mINFO[m] skip non existing resourceDirectory /home/davideceto/Projects/konsulta/konsulta/konsultaconn/src/test/resources
[[1;34mINFO[m] 
[[1;34mINFO[m] [1m--- [0;32mmaven-compiler-plugin:3.1:testCompile[m [1m(default-testCompile)[m @ [36mkonsultaconn[0;1m ---[m
[[1;34mINFO[m] No sources to compile
[[1;34mINFO[m] 
[[1;34mINFO[m] [1m--- [0;32mmaven-surefire-plugin:2.12.4:test[m [1m(default-test)[m @ [36mkonsultaconn[0;1m ---[m
[[1;34mINFO[m] No tests to run.
[[1;34mINFO[m] 
[[1;34mINFO[m] [1m--- [0;32mmaven-jar-plugin:2.4:jar[m [1m(default-jar)[m @ [36mkonsultaconn[0;1m ---[m
[[1;34mINFO[m] Building jar: /home/davideceto/Projects/konsulta/konsulta/konsultaconn/target/konsultaconn-0.0.1-SNAPSHOT.jar
[[1;34mINFO[m] 
[[1;34mINFO[m] [1m------------------< [0;36mcom.davcet.konsulta:konsultasql[0;1m >-------------------[m
[[1;34mINFO[m] [1mBuilding konsultasql 0.0.1-SNAPSHOT                                [4/6][m
[[1;34mINFO[m] [1m--------------------------------[ jar ]---------------------------------[m
[[1;34mINFO[m] 
[[1;34mINFO[m] [1m--- [0;32mmaven-clean-plugin:2.5:clean[m [1m(default-clean)[m @ [36mkonsultasql[0;1m ---[m
[[1;34mINFO[m] Deleting /home/davideceto/Projects/konsulta/konsulta/konsultasql/target
[[1;34mINFO[m] 
[[1;34mINFO[m] [1m--- [0;32mmaven-resources-plugin:2.6:resources[m [1m(default-resources)[m @ [36mkonsultasql[0;1m ---[m
[[1;34mINFO[m] Using 'UTF-8' encoding to copy filtered resources.
[[1;34mINFO[m] skip non existing resourceDirectory /home/davideceto/Projects/konsulta/konsulta/konsultasql/src/main/resources
[[1;34mINFO[m] 
[[1;34mINFO[m] [1m--- [0;32mmaven-compiler-plugin:3.1:compile[m [1m(default-compile)[m @ [36mkonsultasql[0;1m ---[m
[[1;34mINFO[m] Changes detected - recompiling the module!
[[1;34mINFO[m] Compiling 3 source files to /home/davideceto/Projects/konsulta/konsulta/konsultasql/target/classes
[[1;34mINFO[m] 
[[1;34mINFO[m] [1m--- [0;32mmaven-resources-plugin:2.6:testResources[m [1m(default-testResources)[m @ [36mkonsultasql[0;1m ---[m
[[1;34mINFO[m] Using 'UTF-8' encoding to copy filtered resources.
[[1;34mINFO[m] skip non existing resourceDirectory /home/davideceto/Projects/konsulta/konsulta/konsultasql/src/test/resources
[[1;34mINFO[m] 
[[1;34mINFO[m] [1m--- [0;32mmaven-compiler-plugin:3.1:testCompile[m [1m(default-testCompile)[m @ [36mkonsultasql[0;1m ---[m
[[1;34mINFO[m] No sources to compile
[[1;34mINFO[m] 
[[1;34mINFO[m] [1m--- [0;32mmaven-surefire-plugin:2.12.4:test[m [1m(default-test)[m @ [36mkonsultasql[0;1m ---[m
[[1;34mINFO[m] No tests to run.
[[1;34mINFO[m] 
[[1;34mINFO[m] [1m--- [0;32mmaven-jar-plugin:2.4:jar[m [1m(default-jar)[m @ [36mkonsultasql[0;1m ---[m
[[1;34mINFO[m] Building jar: /home/davideceto/Projects/konsulta/konsulta/konsultasql/target/konsultasql-0.0.1-SNAPSHOT.jar
[[1;34mINFO[m] 
[[1;34mINFO[m] [1m------------------< [0;36mcom.davcet.konsulta:konsultatest[0;1m >------------------[m
[[1;34mINFO[m] [1mBuilding konsultatest 0.0.1-SNAPSHOT                               [5/6][m
[[1;34mINFO[m] [1m--------------------------------[ jar ]---------------------------------[m
[[1;34mINFO[m] 
[[1;34mINFO[m] [1m--- [0;32mmaven-clean-plugin:2.5:clean[m [1m(default-clean)[m @ [36mkonsultatest[0;1m ---[m
[[1;34mINFO[m] Deleting /home/davideceto/Projects/konsulta/konsulta/konsultatest/target
[[1;34mINFO[m] 
[[1;34mINFO[m] [1m--- [0;32mmaven-resources-plugin:2.6:resources[m [1m(default-resources)[m @ [36mkonsultatest[0;1m ---[m
[[1;34mINFO[m] Using 'UTF-8' encoding to copy filtered resources.
[[1;34mINFO[m] skip non existing resourceDirectory /home/davideceto/Projects/konsulta/konsulta/konsultatest/src/main/resources
[[1;34mINFO[m] 
[[1;34mINFO[m] [1m--- [0;32mmaven-compiler-plugin:3.1:compile[m [1m(default-compile)[m @ [36mkonsultatest[0;1m ---[m
[[1;34mINFO[m] Nothing to compile - all classes are up to date
[[1;34mINFO[m] 
[[1;34mINFO[m] [1m--- [0;32mmaven-resources-plugin:2.6:testResources[m [1m(default-testResources)[m @ [36mkonsultatest[0;1m ---[m
[[1;34mINFO[m] Using 'UTF-8' encoding to copy filtered resources.
[[1;34mINFO[m] skip non existing resourceDirectory /home/davideceto/Projects/konsulta/konsulta/konsultatest/src/test/resources
[[1;34mINFO[m] 
[[1;34mINFO[m] [1m--- [0;32mmaven-compiler-plugin:3.1:testCompile[m [1m(default-testCompile)[m @ [36mkonsultatest[0;1m ---[m
[[1;34mINFO[m] Changes detected - recompiling the module!
[[1;34mINFO[m] Compiling 2 source files to /home/davideceto/Projects/konsulta/konsulta/konsultatest/target/test-classes
[[1;33mWARNING[m] /home/davideceto/Projects/konsulta/konsulta/konsultatest/src/test/java/com/davcet/konsulta/konsultatest/TestKonsultaSqlManager.java: /home/davideceto/Projects/konsulta/konsulta/konsultatest/src/test/java/com/davcet/konsulta/konsultatest/TestKonsultaSqlManager.java uses unchecked or unsafe operations.
[[1;33mWARNING[m] /home/davideceto/Projects/konsulta/konsulta/konsultatest/src/test/java/com/davcet/konsulta/konsultatest/TestKonsultaSqlManager.java: Recompile with -Xlint:unchecked for details.
[[1;34mINFO[m] 
[[1;34mINFO[m] [1m--- [0;32mmaven-surefire-plugin:3.0.0-M7:test[m [1m(default-test)[m @ [36mkonsultatest[0;1m ---[m
[[1;34mINFO[m] Using auto detected provider org.apache.maven.surefire.junitplatform.JUnitPlatformProvider
[[1;34mINFO[m] 
[[1;34mINFO[m] -------------------------------------------------------
[[1;34mINFO[m]  T E S T S
[[1;34mINFO[m] -------------------------------------------------------
[[1;34mINFO[m] Running com.davcet.konsulta.konsultatest.[1mTestKonsultaConnection[m
[[1;34mINFO[m] [1;32mTests run: [0;1;32m2[m, Failures: 0, Errors: 0, Skipped: 0, Time elapsed: 0.093 s - in com.davcet.konsulta.konsultatest.[1mTestKonsultaConnection[m
[[1;34mINFO[m] Running com.davcet.konsulta.konsultatest.[1mTestKonsultaSqlManager[m
[[1;34mINFO[m] Running com.davcet.konsulta.konsultatest.[1mTestKonsultaSqlManager$testH2[m
[[1;34mINFO[m] [1;32mTests run: [0;1;32m2[m, Failures: 0, Errors: 0, Skipped: 0, Time elapsed: 0.177 s - in com.davcet.konsulta.konsultatest.[1mTestKonsultaSqlManager$testH2[m
[[1;34mINFO[m] [1mTests run: [0;1m0[m, Failures: 0, Errors: 0, Skipped: 0, Time elapsed: 0.184 s - in com.davcet.konsulta.konsultatest.[1mTestKonsultaSqlManager[m
[[1;34mINFO[m] 
[[1;34mINFO[m] Results:
[[1;34mINFO[m] 
[[1;34mINFO[m] [1;32mTests run: 4, Failures: 0, Errors: 0, Skipped: 0[m
[[1;34mINFO[m] 
[[1;34mINFO[m] 
[[1;34mINFO[m] [1m--- [0;32mmaven-jar-plugin:2.4:jar[m [1m(default-jar)[m @ [36mkonsultatest[0;1m ---[m
[[1;33mWARNING[m] JAR will be empty - no content was marked for inclusion!
[[1;34mINFO[m] Building jar: /home/davideceto/Projects/konsulta/konsulta/konsultatest/target/konsultatest-0.0.1-SNAPSHOT.jar
[[1;34mINFO[m] 
[[1;34mINFO[m] [1m----------------< [0;36mcom.davcet.konsulta:konsultadeskapp[0;1m >-----------------[m
[[1;34mINFO[m] [1mBuilding konsultadeskapp 0.0.1-SNAPSHOT                            [6/6][m
[[1;34mINFO[m] [1m--------------------------------[ jar ]---------------------------------[m
[[1;34mINFO[m] 
[[1;34mINFO[m] [1m--- [0;32mmaven-clean-plugin:2.5:clean[m [1m(default-clean)[m @ [36mkonsultadeskapp[0;1m ---[m
[[1;34mINFO[m] Deleting /home/davideceto/Projects/konsulta/konsulta/konsultadeskapp/target
[[1;34mINFO[m] 
[[1;34mINFO[m] [1m--- [0;32mmaven-resources-plugin:2.6:resources[m [1m(default-resources)[m @ [36mkonsultadeskapp[0;1m ---[m
[[1;34mINFO[m] Using 'UTF-8' encoding to copy filtered resources.
[[1;34mINFO[m] skip non existing resourceDirectory /home/davideceto/Projects/konsulta/konsulta/konsultadeskapp/src/main/resources
[[1;34mINFO[m] 
[[1;34mINFO[m] [1m--- [0;32mmaven-compiler-plugin:3.1:compile[m [1m(default-compile)[m @ [36mkonsultadeskapp[0;1m ---[m
[[1;34mINFO[m] Changes detected - recompiling the module!
[[1;34mINFO[m] Compiling 2 source files to /home/davideceto/Projects/konsulta/konsulta/konsultadeskapp/target/classes
[[1;34mINFO[m] 
[[1;34mINFO[m] [1m--- [0;32mmaven-resources-plugin:2.6:testResources[m [1m(default-testResources)[m @ [36mkonsultadeskapp[0;1m ---[m
[[1;34mINFO[m] Using 'UTF-8' encoding to copy filtered resources.
[[1;34mINFO[m] skip non existing resourceDirectory /home/davideceto/Projects/konsulta/konsulta/konsultadeskapp/src/test/resources
[[1;34mINFO[m] 
[[1;34mINFO[m] [1m--- [0;32mmaven-compiler-plugin:3.1:testCompile[m [1m(default-testCompile)[m @ [36mkonsultadeskapp[0;1m ---[m
[[1;34mINFO[m] No sources to compile
[[1;34mINFO[m] 
[[1;34mINFO[m] [1m--- [0;32mmaven-surefire-plugin:2.12.4:test[m [1m(default-test)[m @ [36mkonsultadeskapp[0;1m ---[m
[[1;34mINFO[m] No tests to run.
[[1;34mINFO[m] 
[[1;34mINFO[m] [1m--- [0;32mmaven-jar-plugin:2.4:jar[m [1m(default-jar)[m @ [36mkonsultadeskapp[0;1m ---[m
[[1;34mINFO[m] Building jar: /home/davideceto/Projects/konsulta/konsulta/konsultadeskapp/target/konsultadeskapp-0.0.1-SNAPSHOT.jar
[[1;34mINFO[m] [1m------------------------------------------------------------------------[m
[[1;34mINFO[m] [1mReactor Summary for konsulta-project 0.0.1-SNAPSHOT:[m
[[1;34mINFO[m] 
[[1;34mINFO[m] konsulta-project ................................... [1;32mSUCCESS[m [  0.170 s]
[[1;34mINFO[m] konsultacommon ..................................... [1;32mSUCCESS[m [  1.771 s]
[[1;34mINFO[m] konsultaconn ....................................... [1;32mSUCCESS[m [  0.168 s]
[[1;34mINFO[m] konsultasql ........................................ [1;32mSUCCESS[m [  0.311 s]
[[1;34mINFO[m] konsultatest ....................................... [1;32mSUCCESS[m [  2.756 s]
[[1;34mINFO[m] konsultadeskapp .................................... [1;32mSUCCESS[m [  0.170 s]
[[1;34mINFO[m] [1m------------------------------------------------------------------------[m
[[1;34mINFO[m] [1;32mBUILD SUCCESS[m
[[1;34mINFO[m] [1m------------------------------------------------------------------------[m
[[1;34mINFO[m] Total time:  5.509 s
[[1;34mINFO[m] Finished at: 2023-01-25T18:15:01+01:00
[[1;34mINFO[m] [1m------------------------------------------------------------------------[m
